============================= test session starts ==============================
platform linux -- Python 3.13.15, pytest-8.4.1, pluggy-1.6.0 -- /workspaces/github-skills-challenge/.venv/bin/python3.13
cachedir: .pytest_cache
rootdir: /workspaces/github-skills-challenge
plugins: cov-7.1.0
collecting ... collected 8 items

tests/calculations_test.py::test_area_of_circle_positive_radius PASSED   [ 12%]
tests/calculations_test.py::test_area_of_circle_zero_radius PASSED       [ 25%]
tests/calculations_test.py::test_get_nth_fibonacci_zero PASSED           [ 37%]
tests/calculations_test.py::test_get_nth_fibonacci_one PASSED            [ 50%]
tests/test_aiops_pipeline.py::test_normal_record_is_not_anomaly PASSED   [ 62%]
tests/test_aiops_pipeline.py::test_anomalous_record_is_detected PASSED   [ 75%]
tests/test_aiops_pipeline.py::test_producer_publishes_event PASSED       [ 87%]
tests/test_aiops_pipeline.py::test_consumer_receives_event PASSED        [100%]

================================ tests coverage ================================
_______________ coverage: platform linux, python 3.13.15-final-0 _______________

Name                      Stmts   Miss  Cover   Missing
-------------------------------------------------------
src/aiops_pipeline.py        37     29    22%   10-11, 15-38, 46-62
src/anomaly_detector.py      18      3    83%   21, 24, 28
src/calculations.py          16      6    62%   11, 18, 24-27
src/event_consumer.py         6      0   100%
src/event_producer.py         9      1    89%   12
src/event_topic.py           10      1    90%   15
-------------------------------------------------------
TOTAL                        96     40    58%
============================== 8 passed in 0.12s ===============================
