============================= test session starts ==============================
platform linux -- Python 3.13.15, pytest-9.1.1, pluggy-1.6.0 -- /usr/local/py-utils/venvs/pytest/bin/python
cachedir: .pytest_cache
rootdir: /workspaces/github-skills-challenge
plugins: cov-7.1.0
collecting ... collected 16 items

tests/calculations_test.py::test_area_of_circle_positive_radius PASSED   [  6%]
tests/calculations_test.py::test_area_of_circle_zero_radius PASSED       [ 12%]
tests/calculations_test.py::test_get_nth_fibonacci_zero PASSED           [ 18%]
tests/calculations_test.py::test_get_nth_fibonacci_one PASSED            [ 25%]
tests/calculations_test.py::test_get_nth_fibonacci_ten PASSED            [ 31%]
tests/calculations_test.py::test_area_of_circle_negative_radius PASSED   [ 37%]
tests/calculations_test.py::test_get_nth_fibonacci_negative PASSED       [ 43%]
tests/test_aiops_pipeline.py::test_normal_record_is_not_anomaly PASSED   [ 50%]
tests/test_aiops_pipeline.py::test_anomalous_record_is_detected PASSED   [ 56%]
tests/test_aiops_pipeline.py::test_producer_publishes_event PASSED       [ 62%]
tests/test_aiops_pipeline.py::test_consumer_receives_event PASSED        [ 68%]
tests/test_aiops_pipeline.py::test_warning_log_is_flagged_as_anomaly PASSED [ 75%]
tests/test_aiops_pipeline.py::test_run_pipeline_consumes_generated_anomaly_events PASSED [ 81%]
tests/test_aiops_pipeline.py::test_producer_rejects_empty_event PASSED   [ 87%]
tests/test_aiops_pipeline.py::test_event_topic_clear_removes_messages PASSED [ 93%]
tests/test_aiops_pipeline.py::test_pipeline_main_executes_and_prints_summary PASSED [100%]

=============================== warnings summary ===============================
tests/test_aiops_pipeline.py::test_pipeline_main_executes_and_prints_summary
  <frozen runpy>:130: RuntimeWarning: 'src.aiops_pipeline' found in sys.modules after import of package 'src', but prior to execution of 'src.aiops_pipeline'; this may result in unpredictable behaviour

-- Docs: https://docs.pytest.org/en/stable/how-to/capture-warnings.html
================================ tests coverage ================================
_______________ coverage: platform linux, python 3.13.15-final-0 _______________

Name                      Stmts   Miss  Cover   Missing
-------------------------------------------------------
src/aiops_pipeline.py        37      0   100%
src/anomaly_detector.py      18      0   100%
src/calculations.py          16      0   100%
src/event_consumer.py         6      0   100%
src/event_producer.py         9      0   100%
src/event_topic.py           10      0   100%
-------------------------------------------------------
TOTAL                        96      0   100%
======================== 16 passed, 1 warning in 0.14s =========================
